<?xml version="1.0" encoding="UTF-8"?>
<!-- Generated by org.testng.reporters.JUnitReportReporter -->
<testsuite skipped="0" hostname="ermao750125-ThinkPad-T510" name="toolsqa.ToolsQA.TestNGExample" tests="1" failures="0" timestamp="17 Nov 2018 03:56:03 GMT" time="27.496" errors="0">
  <testcase name="testmethodone" time="27.496" classname="toolsqa.ToolsQA.TestNGExample"/>
</testsuite> <!-- toolsqa.ToolsQA.TestNGExample -->
