<?xml version="1.0" encoding="UTF-8"?>
<!-- Generated by org.testng.reporters.JUnitReportReporter -->
<testsuite skipped="0" hostname="ermao750125-ThinkPad-T510" name="seleniumEasy.SelEasyMTNGGIT.TestNGExample" tests="1" failures="0" timestamp="17 Nov 2018 05:42:53 GMT" time="14.541" errors="0">
  <testcase name="testmethodone" time="14.541" classname="seleniumEasy.SelEasyMTNGGIT.TestNGExample"/>
</testsuite> <!-- seleniumEasy.SelEasyMTNGGIT.TestNGExample -->
